0 info it worked if it ends with ok
1 verbose cli [ '/Users/mymomo/.nvm/versions/node/v6.2.2/bin/node',
1 verbose cli   '/Users/mymomo/.nvm/versions/node/v6.2.2/bin/npm',
1 verbose cli   'start' ]
2 info using npm@3.9.5
3 info using node@v6.2.2
4 verbose run-script [ 'prestart', 'start', 'poststart' ]
5 info lifecycle yunying@1.0.0~prestart: yunying@1.0.0
6 silly lifecycle yunying@1.0.0~prestart: no script for prestart, continuing
7 info lifecycle yunying@1.0.0~start: yunying@1.0.0
8 verbose lifecycle yunying@1.0.0~start: unsafe-perm in lifecycle true
9 verbose lifecycle yunying@1.0.0~start: PATH: /Users/mymomo/.nvm/versions/node/v6.2.2/lib/node_modules/npm/bin/node-gyp-bin:/Users/mymomo/workspace/yunying/node_modules/.bin:/Users/mymomo/.nvm/versions/node/v6.2.2/bin:/Users/mymomo/.rvm/gems/ruby-2.3.0/bin:/Users/mymomo/.rvm/gems/ruby-2.3.0@global/bin:/Users/mymomo/.rvm/rubies/ruby-2.3.0/bin:/Users/mymomo/.nvm/versions/node/v6.2.2/bin:/usr/bin:/bin:/usr/sbin:/sbin:/usr/local/bin:/usr/bin:/bin:/usr/sbin:/sbin:/Users/mymomo/.rvm/bin
10 verbose lifecycle yunying@1.0.0~start: CWD: /Users/mymomo/workspace/yunying
11 silly lifecycle yunying@1.0.0~start: Args: [ '-c', 'NODE_ENV=development node ./index.js' ]
12 silly lifecycle yunying@1.0.0~start: Returned: code: 1  signal: null
13 info lifecycle yunying@1.0.0~start: Failed to exec start script
14 verbose stack Error: yunying@1.0.0 start: `NODE_ENV=development node ./index.js`
14 verbose stack Exit status 1
14 verbose stack     at EventEmitter.<anonymous> (/Users/mymomo/.nvm/versions/node/v6.2.2/lib/node_modules/npm/lib/utils/lifecycle.js:245:16)
14 verbose stack     at emitTwo (events.js:106:13)
14 verbose stack     at EventEmitter.emit (events.js:191:7)
14 verbose stack     at ChildProcess.<anonymous> (/Users/mymomo/.nvm/versions/node/v6.2.2/lib/node_modules/npm/lib/utils/spawn.js:24:14)
14 verbose stack     at emitTwo (events.js:106:13)
14 verbose stack     at ChildProcess.emit (events.js:191:7)
14 verbose stack     at maybeClose (internal/child_process.js:852:16)
14 verbose stack     at Process.ChildProcess._handle.onexit (internal/child_process.js:215:5)
15 verbose pkgid yunying@1.0.0
16 verbose cwd /Users/mymomo/workspace/yunying
17 error Darwin 15.6.0
18 error argv "/Users/mymomo/.nvm/versions/node/v6.2.2/bin/node" "/Users/mymomo/.nvm/versions/node/v6.2.2/bin/npm" "start"
19 error node v6.2.2
20 error npm  v3.9.5
21 error code ELIFECYCLE
22 error yunying@1.0.0 start: `NODE_ENV=development node ./index.js`
22 error Exit status 1
23 error Failed at the yunying@1.0.0 start script 'NODE_ENV=development node ./index.js'.
23 error Make sure you have the latest version of node.js and npm installed.
23 error If you do, this is most likely a problem with the yunying package,
23 error not with npm itself.
23 error Tell the author that this fails on your system:
23 error     NODE_ENV=development node ./index.js
23 error You can get information on how to open an issue for this project with:
23 error     npm bugs yunying
23 error Or if that isn't available, you can get their info via:
23 error     npm owner ls yunying
23 error There is likely additional logging output above.
24 verbose exit [ 1, true ]
